# JRE version: Java(TM) SE Runtime Environment (8.0_221-b11) (build 1.8.0_221-b11)
# Java VM: Java HotSpot(TM) 64-Bit Server VM (25.221-b11 mixed mode windows-amd64 compressed oops)
Heap:
 garbage-first heap   total 262144K, used 206618K [0x00000000c0000000, 0x00000000c0100800, 0x0000000100000000)
  region size 1024K, 72 young (73728K), 10 survivors (10240K)
 Metaspace       used 116533K, capacity 128996K, committed 129200K, reserved 1161216K
  class space    used 14456K, capacity 17793K, committed 17844K, reserved 1048576K
GC Heap History (10 events):
Event: 25.387 GC heap before
{Heap before GC invocations=24 (full 0):
 garbage-first heap   total 262144K, used 223232K [0x00000000c0000000, 0x00000000c0100800, 0x0000000100000000)
  region size 1024K, 94 young (96256K), 2 survivors (2048K)
 Metaspace       used 110510K, capacity 122802K, committed 122928K, reserved 1155072K
  class space    used 13756K, capacity 17103K, committed 17204K, reserved 1048576K
Event: 25.410 GC heap after
Heap after GC invocations=25 (full 0):
 garbage-first heap   total 262144K, used 138240K [0x00000000c0000000, 0x00000000c0100800, 0x0000000100000000)
  region size 1024K, 11 young (11264K), 11 survivors (11264K)
 Metaspace       used 110510K, capacity 122802K, committed 122928K, reserved 1155072K
  class space    used 13756K, capacity 17103K, committed 17204K, reserved 1048576K
}
Event: 25.908 GC heap before
{Heap before GC invocations=25 (full 0):
 garbage-first heap   total 262144K, used 153600K [0x00000000c0000000, 0x00000000c0100800, 0x0000000100000000)
  region size 1024K, 27 young (27648K), 11 survivors (11264K)
 Metaspace       used 111348K, capacity 123420K, committed 123696K, reserved 1155072K
  class space    used 13846K, capacity 17139K, committed 17204K, reserved 1048576K
Event: 25.922 GC heap after
Heap after GC invocations=26 (full 0):
 garbage-first heap   total 262144K, used 134144K [0x00000000c0000000, 0x00000000c0100800, 0x0000000100000000)
  region size 1024K, 7 young (7168K), 7 survivors (7168K)
 Metaspace       used 111348K, capacity 123420K, committed 123696K, reserved 1155072K
  class space    used 13846K, capacity 17139K, committed 17204K, reserved 1048576K
}
Event: 27.361 GC heap before
{Heap before GC invocations=27 (full 0):
 garbage-first heap   total 262144K, used 223816K [0x00000000c0000000, 0x00000000c0100800, 0x0000000100000000)
  region size 1024K, 97 young (99328K), 7 survivors (7168K)
 Metaspace       used 113428K, capacity 125708K, committed 125872K, reserved 1157120K
  class space    used 14128K, capacity 17513K, committed 17588K, reserved 1048576K
Event: 27.396 GC heap after
Heap after GC invocations=28 (full 0):
 garbage-first heap   total 262144K, used 142329K [0x00000000c0000000, 0x00000000c0100800, 0x0000000100000000)
  region size 1024K, 13 young (13312K), 13 survivors (13312K)
 Metaspace       used 113428K, capacity 125708K, committed 125872K, reserved 1157120K
  class space    used 14128K, capacity 17513K, committed 17588K, reserved 1048576K
}
Event: 27.419 GC heap before
{Heap before GC invocations=28 (full 0):
 garbage-first heap   total 262144K, used 143353K [0x00000000c0000000, 0x00000000c0100800, 0x0000000100000000)
  region size 1024K, 14 young (14336K), 13 survivors (13312K)
 Metaspace       used 113432K, capacity 125708K, committed 125872K, reserved 1157120K
  class space    used 14128K, capacity 17513K, committed 17588K, reserved 1048576K
Event: 27.452 GC heap after
Heap after GC invocations=29 (full 0):
 garbage-first heap   total 262144K, used 136474K [0x00000000c0000000, 0x00000000c0100800, 0x0000000100000000)
  region size 1024K, 2 young (2048K), 2 survivors (2048K)
 Metaspace       used 113432K, capacity 125708K, committed 125872K, reserved 1157120K
  class space    used 14128K, capacity 17513K, committed 17588K, reserved 1048576K
}
Event: 36.869 GC heap before
{Heap before GC invocations=29 (full 0):
 garbage-first heap   total 262144K, used 222490K [0x00000000c0000000, 0x00000000c0100800, 0x0000000100000000)
  region size 1024K, 86 young (88064K), 2 survivors (2048K)
 Metaspace       used 115077K, capacity 127408K, committed 127536K, reserved 1159168K
  class space    used 14307K, capacity 17604K, committed 17716K, reserved 1048576K
Event: 36.896 GC heap after
Heap after GC invocations=30 (full 0):
 garbage-first heap   total 262144K, used 144154K [0x00000000c0000000, 0x00000000c0100800, 0x0000000100000000)
  region size 1024K, 10 young (10240K), 10 survivors (10240K)
 Metaspace       used 115077K, capacity 127408K, committed 127536K, reserved 1159168K
  class space    used 14307K, capacity 17604K, committed 17716K, reserved 1048576K
}

