# JRE version: Java(TM) SE Runtime Environment (8.0_221-b11) (build 1.8.0_221-b11)
# Java VM: Java HotSpot(TM) 64-Bit Server VM (25.221-b11 mixed mode windows-amd64 compressed oops)
Heap:
 garbage-first heap   total 262144K, used 227837K [0x00000000c0000000, 0x00000000c0100800, 0x0000000100000000)
  region size 1024K, 75 young (76800K), 2 survivors (2048K)
 Metaspace       used 143774K, capacity 159180K, committed 159484K, reserved 1187840K
  class space    used 17156K, capacity 21241K, committed 21296K, reserved 1048576K
GC Heap History (10 events):
Event: 817.934 GC heap before
{Heap before GC invocations=89 (full 0):
 garbage-first heap   total 262144K, used 169211K [0x00000000c0000000, 0x00000000c0100800, 0x0000000100000000)
  region size 1024K, 12 young (12288K), 6 survivors (6144K)
 Metaspace       used 143502K, capacity 158896K, committed 159228K, reserved 1187840K
  class space    used 17151K, capacity 21237K, committed 21296K, reserved 1048576K
Event: 817.974 GC heap after
Heap after GC invocations=90 (full 0):
 garbage-first heap   total 262144K, used 153088K [0x00000000c0000000, 0x00000000c0100800, 0x0000000100000000)
  region size 1024K, 2 young (2048K), 2 survivors (2048K)
 Metaspace       used 143502K, capacity 158896K, committed 159228K, reserved 1187840K
  class space    used 17151K, capacity 21237K, committed 21296K, reserved 1048576K
}
Event: 818.625 GC heap before
{Heap before GC invocations=90 (full 0):
 garbage-first heap   total 262144K, used 163328K [0x00000000c0000000, 0x00000000c0100800, 0x0000000100000000)
  region size 1024K, 12 young (12288K), 2 survivors (2048K)
 Metaspace       used 143514K, capacity 159024K, committed 159228K, reserved 1187840K
  class space    used 17151K, capacity 21237K, committed 21296K, reserved 1048576K
Event: 818.648 GC heap after
Heap after GC invocations=91 (full 0):
 garbage-first heap   total 262144K, used 153930K [0x00000000c0000000, 0x00000000c0100800, 0x0000000100000000)
  region size 1024K, 2 young (2048K), 2 survivors (2048K)
 Metaspace       used 143514K, capacity 159024K, committed 159228K, reserved 1187840K
  class space    used 17151K, capacity 21237K, committed 21296K, reserved 1048576K
}
Event: 827.703 GC heap before
{Heap before GC invocations=91 (full 0):
 garbage-first heap   total 262144K, used 200010K [0x00000000c0000000, 0x00000000c0100800, 0x0000000100000000)
  region size 1024K, 48 young (49152K), 2 survivors (2048K)
 Metaspace       used 143604K, capacity 159030K, committed 159228K, reserved 1187840K
  class space    used 17152K, capacity 21239K, committed 21296K, reserved 1048576K
Event: 827.721 GC heap after
Heap after GC invocations=92 (full 0):
 garbage-first heap   total 262144K, used 156447K [0x00000000c0000000, 0x00000000c0100800, 0x0000000100000000)
  region size 1024K, 5 young (5120K), 5 survivors (5120K)
 Metaspace       used 143604K, capacity 159030K, committed 159228K, reserved 1187840K
  class space    used 17152K, capacity 21239K, committed 21296K, reserved 1048576K
}
Event: 844.897 GC heap before
{Heap before GC invocations=93 (full 0):
 garbage-first heap   total 262144K, used 228702K [0x00000000c0000000, 0x00000000c0100800, 0x0000000100000000)
  region size 1024K, 75 young (76800K), 5 survivors (5120K)
 Metaspace       used 143659K, capacity 159044K, committed 159228K, reserved 1187840K
  class space    used 17154K, capacity 21241K, committed 21296K, reserved 1048576K
Event: 844.925 GC heap after
Heap after GC invocations=94 (full 0):
 garbage-first heap   total 262144K, used 158720K [0x00000000c0000000, 0x00000000c0100800, 0x0000000100000000)
  region size 1024K, 7 young (7168K), 7 survivors (7168K)
 Metaspace       used 143659K, capacity 159044K, committed 159228K, reserved 1187840K
  class space    used 17154K, capacity 21241K, committed 21296K, reserved 1048576K
}
Event: 845.657 GC heap before
{Heap before GC invocations=94 (full 0):
 garbage-first heap   total 262144K, used 163840K [0x00000000c0000000, 0x00000000c0100800, 0x0000000100000000)
  region size 1024K, 12 young (12288K), 7 survivors (7168K)
 Metaspace       used 143664K, capacity 159044K, committed 159228K, reserved 1187840K
  class space    used 17154K, capacity 21241K, committed 21296K, reserved 1048576K
Event: 845.684 GC heap after
Heap after GC invocations=95 (full 0):
 garbage-first heap   total 262144K, used 154109K [0x00000000c0000000, 0x00000000c0100800, 0x0000000100000000)
  region size 1024K, 2 young (2048K), 2 survivors (2048K)
 Metaspace       used 143664K, capacity 159044K, committed 159228K, reserved 1187840K
  class space    used 17154K, capacity 21241K, committed 21296K, reserved 1048576K
}

