# JRE version: Java(TM) SE Runtime Environment (8.0_221-b11) (build 1.8.0_221-b11)
# Java VM: Java HotSpot(TM) 64-Bit Server VM (25.221-b11 mixed mode windows-amd64 compressed oops)
Heap:
 garbage-first heap   total 263168K, used 161449K [0x00000000c0000000, 0x00000000c0100808, 0x0000000100000000)
  region size 1024K, 25 young (25600K), 7 survivors (7168K)
 Metaspace       used 129648K, capacity 143386K, committed 143504K, reserved 1173504K
  class space    used 15686K, capacity 19305K, committed 19348K, reserved 1048576K
GC Heap History (10 events):
Event: 251.977 GC heap before
{Heap before GC invocations=59 (full 0):
 garbage-first heap   total 263168K, used 228717K [0x00000000c0000000, 0x00000000c0100808, 0x0000000100000000)
  region size 1024K, 84 young (86016K), 2 survivors (2048K)
 Metaspace       used 129062K, capacity 142948K, committed 143248K, reserved 1173504K
  class space    used 15668K, capacity 19269K, committed 19348K, reserved 1048576K
Event: 251.997 GC heap after
Heap after GC invocations=60 (full 0):
 garbage-first heap   total 263168K, used 147235K [0x00000000c0000000, 0x00000000c0100808, 0x0000000100000000)
  region size 1024K, 5 young (5120K), 5 survivors (5120K)
 Metaspace       used 129062K, capacity 142948K, committed 143248K, reserved 1173504K
  class space    used 15668K, capacity 19269K, committed 19348K, reserved 1048576K
}
Event: 332.279 GC heap before
{Heap before GC invocations=60 (full 0):
 garbage-first heap   total 263168K, used 229155K [0x00000000c0000000, 0x00000000c0100808, 0x0000000100000000)
  region size 1024K, 85 young (87040K), 5 survivors (5120K)
 Metaspace       used 129439K, capacity 143208K, committed 143248K, reserved 1173504K
  class space    used 15688K, capacity 19309K, committed 19348K, reserved 1048576K
Event: 332.294 GC heap after
Heap after GC invocations=61 (full 0):
 garbage-first heap   total 263168K, used 147108K [0x00000000c0000000, 0x00000000c0100808, 0x0000000100000000)
  region size 1024K, 5 young (5120K), 5 survivors (5120K)
 Metaspace       used 129439K, capacity 143208K, committed 143248K, reserved 1173504K
  class space    used 15688K, capacity 19309K, committed 19348K, reserved 1048576K
}
Event: 344.848 GC heap before
{Heap before GC invocations=62 (full 0):
 garbage-first heap   total 263168K, used 229603K [0x00000000c0000000, 0x00000000c0100808, 0x0000000100000000)
  region size 1024K, 86 young (88064K), 5 survivors (5120K)
 Metaspace       used 129519K, capacity 143228K, committed 143504K, reserved 1173504K
  class space    used 15683K, capacity 19299K, committed 19348K, reserved 1048576K
Event: 344.861 GC heap after
Heap after GC invocations=63 (full 0):
 garbage-first heap   total 263168K, used 148333K [0x00000000c0000000, 0x00000000c0100808, 0x0000000100000000)
  region size 1024K, 7 young (7168K), 7 survivors (7168K)
 Metaspace       used 129519K, capacity 143228K, committed 143504K, reserved 1173504K
  class space    used 15683K, capacity 19299K, committed 19348K, reserved 1048576K
}
Event: 344.885 GC heap before
{Heap before GC invocations=63 (full 0):
 garbage-first heap   total 263168K, used 153453K [0x00000000c0000000, 0x00000000c0100808, 0x0000000100000000)
  region size 1024K, 12 young (12288K), 7 survivors (7168K)
 Metaspace       used 129528K, capacity 143228K, committed 143504K, reserved 1173504K
  class space    used 15683K, capacity 19299K, committed 19348K, reserved 1048576K
Event: 344.924 GC heap after
Heap after GC invocations=64 (full 0):
 garbage-first heap   total 263168K, used 139664K [0x00000000c0000000, 0x00000000c0100808, 0x0000000100000000)
  region size 1024K, 2 young (2048K), 2 survivors (2048K)
 Metaspace       used 129528K, capacity 143228K, committed 143504K, reserved 1173504K
  class space    used 15683K, capacity 19299K, committed 19348K, reserved 1048576K
}
Event: 361.640 GC heap before
{Heap before GC invocations=64 (full 0):
 garbage-first heap   total 263168K, used 229776K [0x00000000c0000000, 0x00000000c0100808, 0x0000000100000000)
  region size 1024K, 90 young (92160K), 2 survivors (2048K)
 Metaspace       used 129629K, capacity 143386K, committed 143504K, reserved 1173504K
  class space    used 15686K, capacity 19305K, committed 19348K, reserved 1048576K
Event: 361.687 GC heap after
Heap after GC invocations=65 (full 0):
 garbage-first heap   total 263168K, used 144041K [0x00000000c0000000, 0x00000000c0100808, 0x0000000100000000)
  region size 1024K, 7 young (7168K), 7 survivors (7168K)
 Metaspace       used 129629K, capacity 143386K, committed 143504K, reserved 1173504K
  class space    used 15686K, capacity 19305K, committed 19348K, reserved 1048576K
}

