# JRE version: Java(TM) SE Runtime Environment (8.0_221-b11) (build 1.8.0_221-b11)
# Java VM: Java HotSpot(TM) 64-Bit Server VM (25.221-b11 mixed mode windows-amd64 compressed oops)
Heap:
 garbage-first heap   total 262144K, used 191776K [0x00000000c0000000, 0x00000000c0100800, 0x0000000100000000)
  region size 1024K, 17 young (17408K), 2 survivors (2048K)
 Metaspace       used 139529K, capacity 154128K, committed 154312K, reserved 1183744K
  class space    used 16627K, capacity 20458K, committed 20480K, reserved 1048576K
GC Heap History (10 events):
Event: 645.347 GC heap before
{Heap before GC invocations=99 (full 0):
 garbage-first heap   total 262144K, used 194167K [0x00000000c0000000, 0x00000000c0100800, 0x0000000100000000)
  region size 1024K, 12 young (12288K), 1 survivors (1024K)
 Metaspace       used 139459K, capacity 154016K, committed 154312K, reserved 1183744K
  class space    used 16623K, capacity 20450K, committed 20480K, reserved 1048576K
Event: 645.367 GC heap after
Heap after GC invocations=100 (full 0):
 garbage-first heap   total 262144K, used 178110K [0x00000000c0000000, 0x00000000c0100800, 0x0000000100000000)
  region size 1024K, 1 young (1024K), 1 survivors (1024K)
 Metaspace       used 139459K, capacity 154016K, committed 154312K, reserved 1183744K
  class space    used 16623K, capacity 20450K, committed 20480K, reserved 1048576K
}
Event: 645.790 GC heap before
{Heap before GC invocations=100 (full 0):
 garbage-first heap   total 262144K, used 229310K [0x00000000c0000000, 0x00000000c0100800, 0x0000000100000000)
  region size 1024K, 51 young (52224K), 1 survivors (1024K)
 Metaspace       used 139466K, capacity 154080K, committed 154312K, reserved 1183744K
  class space    used 16623K, capacity 20450K, committed 20480K, reserved 1048576K
Event: 645.809 GC heap after
Heap after GC invocations=101 (full 0):
 garbage-first heap   total 262144K, used 178052K [0x00000000c0000000, 0x00000000c0100800, 0x0000000100000000)
  region size 1024K, 1 young (1024K), 1 survivors (1024K)
 Metaspace       used 139466K, capacity 154080K, committed 154312K, reserved 1183744K
  class space    used 16623K, capacity 20450K, committed 20480K, reserved 1048576K
}
Event: 652.946 GC heap before
{Heap before GC invocations=101 (full 0):
 garbage-first heap   total 262144K, used 230276K [0x00000000c0000000, 0x00000000c0100800, 0x0000000100000000)
  region size 1024K, 52 young (53248K), 1 survivors (1024K)
 Metaspace       used 139485K, capacity 154080K, committed 154312K, reserved 1183744K
  class space    used 16623K, capacity 20450K, committed 20480K, reserved 1048576K
Event: 652.958 GC heap after
Heap after GC invocations=102 (full 0):
 garbage-first heap   total 262144K, used 179038K [0x00000000c0000000, 0x00000000c0100800, 0x0000000100000000)
  region size 1024K, 1 young (1024K), 1 survivors (1024K)
 Metaspace       used 139485K, capacity 154080K, committed 154312K, reserved 1183744K
  class space    used 16623K, capacity 20450K, committed 20480K, reserved 1048576K
}
Event: 655.676 GC heap before
{Heap before GC invocations=103 (full 0):
 garbage-first heap   total 262144K, used 231262K [0x00000000c0000000, 0x00000000c0100800, 0x0000000100000000)
  region size 1024K, 52 young (53248K), 1 survivors (1024K)
 Metaspace       used 139521K, capacity 154128K, committed 154312K, reserved 1183744K
  class space    used 16627K, capacity 20458K, committed 20480K, reserved 1048576K
Event: 655.687 GC heap after
Heap after GC invocations=104 (full 0):
 garbage-first heap   total 262144K, used 179593K [0x00000000c0000000, 0x00000000c0100800, 0x0000000100000000)
  region size 1024K, 2 young (2048K), 2 survivors (2048K)
 Metaspace       used 139521K, capacity 154128K, committed 154312K, reserved 1183744K
  class space    used 16627K, capacity 20458K, committed 20480K, reserved 1048576K
}
Event: 656.389 GC heap before
{Heap before GC invocations=104 (full 0):
 garbage-first heap   total 262144K, used 189833K [0x00000000c0000000, 0x00000000c0100800, 0x0000000100000000)
  region size 1024K, 12 young (12288K), 2 survivors (2048K)
 Metaspace       used 139522K, capacity 154128K, committed 154312K, reserved 1183744K
  class space    used 16627K, capacity 20458K, committed 20480K, reserved 1048576K
Event: 656.437 GC heap after
Heap after GC invocations=105 (full 0):
 garbage-first heap   total 262144K, used 177440K [0x00000000c0000000, 0x00000000c0100800, 0x0000000100000000)
  region size 1024K, 2 young (2048K), 2 survivors (2048K)
 Metaspace       used 139522K, capacity 154128K, committed 154312K, reserved 1183744K
  class space    used 16627K, capacity 20458K, committed 20480K, reserved 1048576K
}

